0 info it worked if it ends with ok
1 verbose cli [ 'node',
1 verbose cli   '/Users/Pedro/.nvm/versions/node/v0.12.7/bin/npm',
1 verbose cli   'run',
1 verbose cli   'dev' ]
2 info using npm@2.13.5
3 info using node@v0.12.7
4 verbose run-script [ 'predev', 'dev', 'postdev' ]
5 info predev cosmos-site@1.0.0
6 info dev cosmos-site@1.0.0
7 verbose unsafe-perm in lifecycle true
8 info cosmos-site@1.0.0 Failed to exec dev script
9 verbose stack Error: cosmos-site@1.0.0 dev: `webpack-dev-server --config webpack.config.js --profile --progress --colors`
9 verbose stack Exit status 1
9 verbose stack     at EventEmitter.<anonymous> (/Users/Pedro/.nvm/versions/node/v0.12.7/lib/node_modules/npm/lib/utils/lifecycle.js:214:16)
9 verbose stack     at EventEmitter.emit (events.js:110:17)
9 verbose stack     at ChildProcess.<anonymous> (/Users/Pedro/.nvm/versions/node/v0.12.7/lib/node_modules/npm/lib/utils/spawn.js:24:14)
9 verbose stack     at ChildProcess.emit (events.js:110:17)
9 verbose stack     at maybeClose (child_process.js:1015:16)
9 verbose stack     at Process.ChildProcess._handle.onexit (child_process.js:1087:5)
10 verbose pkgid cosmos-site@1.0.0
11 verbose cwd /Users/Pedro/Sites/cosmos/cosmosldn.github.io
12 error Darwin 14.4.0
13 error argv "node" "/Users/Pedro/.nvm/versions/node/v0.12.7/bin/npm" "run" "dev"
14 error node v0.12.7
15 error npm  v2.13.5
16 error code ELIFECYCLE
17 error cosmos-site@1.0.0 dev: `webpack-dev-server --config webpack.config.js --profile --progress --colors`
17 error Exit status 1
18 error Failed at the cosmos-site@1.0.0 dev script 'webpack-dev-server --config webpack.config.js --profile --progress --colors'.
18 error This is most likely a problem with the cosmos-site package,
18 error not with npm itself.
18 error Tell the author that this fails on your system:
18 error     webpack-dev-server --config webpack.config.js --profile --progress --colors
18 error You can get their info via:
18 error     npm owner ls cosmos-site
18 error There is likely additional logging output above.
19 verbose exit [ 1, true ]
